

[31m2024/08/27 09:33:34 [Recovery] 2024/08/27 - 09:33:34 panic recovered:
GET /business/user/get_userinfo?_t=1724722413998 HTTP/1.1
Host: localhost:8108
Accept: application/json, text/plain, */*
Accept-Encoding: gzip, deflate, br, zstd
Accept-Language: zh-CN,zh;q=0.9,en-US;q=0.8,en;q=0.7
Authorization: *
Connection: keep-alive
Origin: http://localhost:9106
Referer: http://localhost:9106/
Sec-Ch-Ua: "Not)A;Brand";v="99", "Google Chrome";v="127", "Chromium";v="127"
Sec-Ch-Ua-Mobile: ?0
Sec-Ch-Ua-Platform: "macOS"
Sec-Fetch-Dest: empty
Sec-Fetch-Mode: cors
Sec-Fetch-Site: same-site
User-Agent: Mozilla/5.0 (Macintosh; Intel Mac OS X 10_15_7) AppleWebKit/537.36 (KHTML, like Gecko) Chrome/127.0.0.0 Safari/537.36
Verify-Encrypt: eebe6ac02c0ba2617d92efa31a3a4333
Verify-Time: 1724722413


token is expired by 6h29m4s
/Users/horizon/Documents/workspace/github/GoFlyAdmin/route/middleware/JwtVerify.go:112 (0x1034077af)
	ParseToken: panic(err)
/Users/horizon/Documents/workspace/github/GoFlyAdmin/route/middleware/JwtVerify.go:102 (0x10340764b)
	JwtVerify: c.Set("user", ParseToken(token))
/Users/horizon/go/pkg/mod/github.com/gin-gonic/gin@v1.8.1/context.go:173 (0x1032e118f)
	(*Context).Next: c.handlers[c.index](c)
/Users/horizon/Documents/workspace/github/GoFlyAdmin/route/middleware/validityAPi.go:46 (0x1036a0f1f)
	InitRouter.ValidityAPi.func3: c.Next()
/Users/horizon/go/pkg/mod/github.com/gin-gonic/gin@v1.8.1/context.go:173 (0x103407d03)
	(*Context).Next: c.handlers[c.index](c)
/Users/horizon/Documents/workspace/github/GoFlyAdmin/route/middleware/LimitHandler.go:24 (0x103407b20)
	LimitHandler.func1: c.Next()
/Users/horizon/go/pkg/mod/github.com/gin-gonic/gin@v1.8.1/context.go:173 (0x1032ed0f3)
	(*Context).Next: c.handlers[c.index](c)
/Users/horizon/go/pkg/mod/github.com/gin-gonic/gin@v1.8.1/recovery.go:101 (0x1032ed0d4)
	CustomRecoveryWithWriter.func1: c.Next()
/Users/horizon/go/pkg/mod/github.com/gin-gonic/gin@v1.8.1/context.go:173 (0x1032ec493)
	(*Context).Next: c.handlers[c.index](c)
/Users/horizon/go/pkg/mod/github.com/gin-gonic/gin@v1.8.1/logger.go:240 (0x1032ec470)
	LoggerWithConfig.func1: c.Next()
/Users/horizon/go/pkg/mod/github.com/gin-gonic/gin@v1.8.1/context.go:173 (0x1032ed0f3)
	(*Context).Next: c.handlers[c.index](c)
/Users/horizon/go/pkg/mod/github.com/gin-gonic/gin@v1.8.1/recovery.go:101 (0x1032ed0d4)
	CustomRecoveryWithWriter.func1: c.Next()
/Users/horizon/go/pkg/mod/github.com/gin-gonic/gin@v1.8.1/context.go:173 (0x1032ec493)
	(*Context).Next: c.handlers[c.index](c)
/Users/horizon/go/pkg/mod/github.com/gin-gonic/gin@v1.8.1/logger.go:240 (0x1032ec470)
	LoggerWithConfig.func1: c.Next()
/Users/horizon/go/pkg/mod/github.com/gin-gonic/gin@v1.8.1/context.go:173 (0x1032eba37)
	(*Context).Next: c.handlers[c.index](c)
/Users/horizon/go/pkg/mod/github.com/gin-gonic/gin@v1.8.1/gin.go:616 (0x1032eb76c)
	(*Engine).handleHTTPRequest: c.Next()
/Users/horizon/go/pkg/mod/github.com/gin-gonic/gin@v1.8.1/gin.go:572 (0x1032eb393)
	(*Engine).ServeHTTP: engine.handleHTTPRequest(c)
/opt/homebrew/Cellar/go/1.22.4/libexec/src/net/http/server.go:3137 (0x1030f44cb)
	serverHandler.ServeHTTP: handler.ServeHTTP(rw, req)
/opt/homebrew/Cellar/go/1.22.4/libexec/src/net/http/server.go:2039 (0x1030efd67)
	(*conn).serve: serverHandler{c.server}.ServeHTTP(w, w.req)
/opt/homebrew/Cellar/go/1.22.4/libexec/src/runtime/asm_arm64.s:1222 (0x102e1a353)
	goexit: MOVD	R0, R0	// NOP
[0m
