

[31m2024/09/07 22:55:40 [Recovery] 2024/09/07 - 22:55:40 panic recovered:
POST /business/datacenter/upfile/uploadFile HTTP/1.1
Host: localhost:8108
Accept: application/json, text/plain, */*
Accept-Encoding: gzip, deflate, br, zstd
Accept-Language: zh-CN,zh;q=0.9,en-US;q=0.8,en;q=0.7
Authorization: *
Connection: keep-alive
Content-Length: 15130
Content-Type: multipart/form-data; boundary=----WebKitFormBoundaryNtTdHhPzTJ5VC0XX
Ignorecanceltoken: true
Origin: http://localhost:9106
Referer: http://localhost:9106/
Sec-Ch-Ua: "Chromium";v="128", "Not;A=Brand";v="24", "Google Chrome";v="128"
Sec-Ch-Ua-Mobile: ?0
Sec-Ch-Ua-Platform: "macOS"
Sec-Fetch-Dest: empty
Sec-Fetch-Mode: cors
Sec-Fetch-Site: same-site
User-Agent: Mozilla/5.0 (Macintosh; Intel Mac OS X 10_15_7) AppleWebKit/537.36 (KHTML, like Gecko) Chrome/128.0.0.0 Safari/537.36
Verify-Encrypt: 40a43dd9a595fea70cc2a43015347877
Verify-Time: 1725720940


interface conversion: interface {} is nil, not string
/opt/homebrew/Cellar/go/1.22.4/libexec/src/runtime/iface.go:262 (0x1048b03f7)
	panicdottypeE: panic(&TypeAssertionError{iface, have, want, ""})
/Users/horizon/Documents/workspace/github/GoFlyAdmin/app/business/datacenter/upfile.go:140 (0x105501897)
	(*Upfile).UploadFile: getdata["url"] = rooturl.(string) + getdata["url"].(string)
/opt/homebrew/Cellar/go/1.22.4/libexec/src/reflect/value.go:596 (0x1049674cf)
	Value.call: call(frametype, fn, stackArgs, uint32(frametype.Size()), uint32(abid.retOffset), uint32(frameSize), &regArgs)
/opt/homebrew/Cellar/go/1.22.4/libexec/src/reflect/value.go:380 (0x104966983)
	Value.Call: return v.call("Call", in)
/Users/horizon/Documents/workspace/github/GoFlyAdmin/utils/gf/AutoRouter.go:114 (0x1051e4463)
	match.func1: route.Method.Call(arguments)
/Users/horizon/go/pkg/mod/github.com/gin-gonic/gin@v1.8.1/context.go:173 (0x105061c2f)
	(*Context).Next: c.handlers[c.index](c)
/Users/horizon/Documents/workspace/github/GoFlyAdmin/route/middleware/validityAPi.go:46 (0x105203b47)
	ValidityAPi.func1: c.Next()
/Users/horizon/go/pkg/mod/github.com/gin-gonic/gin@v1.8.1/context.go:173 (0x105061c2f)
	(*Context).Next: c.handlers[c.index](c)
/Users/horizon/Documents/workspace/github/GoFlyAdmin/route/middleware/LimitHandler.go:24 (0x1052033d3)
	LimitHandler.func1: c.Next()
/Users/horizon/go/pkg/mod/github.com/gin-gonic/gin@v1.8.1/context.go:173 (0x105061c2f)
	(*Context).Next: c.handlers[c.index](c)
/Users/horizon/go/pkg/mod/github.com/gin-gonic/gin@v1.8.1/recovery.go:101 (0x105072bbb)
	CustomRecoveryWithWriter.func1: c.Next()
/Users/horizon/go/pkg/mod/github.com/gin-gonic/gin@v1.8.1/context.go:173 (0x105061c2f)
	(*Context).Next: c.handlers[c.index](c)
/Users/horizon/go/pkg/mod/github.com/gin-gonic/gin@v1.8.1/logger.go:240 (0x1050716e3)
	LoggerWithConfig.func1: c.Next()
/Users/horizon/go/pkg/mod/github.com/gin-gonic/gin@v1.8.1/context.go:173 (0x105061c2f)
	(*Context).Next: c.handlers[c.index](c)
/Users/horizon/go/pkg/mod/github.com/gin-gonic/gin@v1.8.1/recovery.go:101 (0x105072bbb)
	CustomRecoveryWithWriter.func1: c.Next()
/Users/horizon/go/pkg/mod/github.com/gin-gonic/gin@v1.8.1/context.go:173 (0x105061c2f)
	(*Context).Next: c.handlers[c.index](c)
/Users/horizon/go/pkg/mod/github.com/gin-gonic/gin@v1.8.1/logger.go:240 (0x1050716e3)
	LoggerWithConfig.func1: c.Next()
/Users/horizon/go/pkg/mod/github.com/gin-gonic/gin@v1.8.1/context.go:173 (0x105061c2f)
	(*Context).Next: c.handlers[c.index](c)
/Users/horizon/go/pkg/mod/github.com/gin-gonic/gin@v1.8.1/gin.go:616 (0x10506f92b)
	(*Engine).handleHTTPRequest: c.Next()
/Users/horizon/go/pkg/mod/github.com/gin-gonic/gin@v1.8.1/gin.go:572 (0x10506f4bf)
	(*Engine).ServeHTTP: engine.handleHTTPRequest(c)
/opt/homebrew/Cellar/go/1.22.4/libexec/src/net/http/server.go:3137 (0x104d95bbf)
	serverHandler.ServeHTTP: handler.ServeHTTP(rw, req)
/opt/homebrew/Cellar/go/1.22.4/libexec/src/net/http/server.go:2039 (0x104d90077)
	(*conn).serve: serverHandler{c.server}.ServeHTTP(w, w.req)
/opt/homebrew/Cellar/go/1.22.4/libexec/src/runtime/asm_arm64.s:1222 (0x104914f03)
	goexit: MOVD	R0, R0	// NOP
[0m


[31m2024/09/07 22:55:46 [Recovery] 2024/09/07 - 22:55:46 panic recovered:
POST /business/datacenter/upfile/uploadFile HTTP/1.1
Host: localhost:8108
Accept: application/json, text/plain, */*
Accept-Encoding: gzip, deflate, br, zstd
Accept-Language: zh-CN,zh;q=0.9,en-US;q=0.8,en;q=0.7
Authorization: *
Connection: keep-alive
Content-Length: 15130
Content-Type: multipart/form-data; boundary=----WebKitFormBoundaryXgruJ7AHrDnc6SC6
Ignorecanceltoken: true
Origin: http://localhost:9106
Referer: http://localhost:9106/
Sec-Ch-Ua: "Chromium";v="128", "Not;A=Brand";v="24", "Google Chrome";v="128"
Sec-Ch-Ua-Mobile: ?0
Sec-Ch-Ua-Platform: "macOS"
Sec-Fetch-Dest: empty
Sec-Fetch-Mode: cors
Sec-Fetch-Site: same-site
User-Agent: Mozilla/5.0 (Macintosh; Intel Mac OS X 10_15_7) AppleWebKit/537.36 (KHTML, like Gecko) Chrome/128.0.0.0 Safari/537.36
Verify-Encrypt: 6bf9b7e1045d4bd038f904a1d0f04a48
Verify-Time: 1725720946


interface conversion: interface {} is nil, not string
/opt/homebrew/Cellar/go/1.22.4/libexec/src/runtime/iface.go:262 (0x1048b03f7)
	panicdottypeE: panic(&TypeAssertionError{iface, have, want, ""})
/Users/horizon/Documents/workspace/github/GoFlyAdmin/app/business/datacenter/upfile.go:140 (0x105501897)
	(*Upfile).UploadFile: getdata["url"] = rooturl.(string) + getdata["url"].(string)
/opt/homebrew/Cellar/go/1.22.4/libexec/src/reflect/value.go:596 (0x1049674cf)
	Value.call: call(frametype, fn, stackArgs, uint32(frametype.Size()), uint32(abid.retOffset), uint32(frameSize), &regArgs)
/opt/homebrew/Cellar/go/1.22.4/libexec/src/reflect/value.go:380 (0x104966983)
	Value.Call: return v.call("Call", in)
/Users/horizon/Documents/workspace/github/GoFlyAdmin/utils/gf/AutoRouter.go:114 (0x1051e4463)
	match.func1: route.Method.Call(arguments)
/Users/horizon/go/pkg/mod/github.com/gin-gonic/gin@v1.8.1/context.go:173 (0x105061c2f)
	(*Context).Next: c.handlers[c.index](c)
/Users/horizon/Documents/workspace/github/GoFlyAdmin/route/middleware/validityAPi.go:46 (0x105203b47)
	ValidityAPi.func1: c.Next()
/Users/horizon/go/pkg/mod/github.com/gin-gonic/gin@v1.8.1/context.go:173 (0x105061c2f)
	(*Context).Next: c.handlers[c.index](c)
/Users/horizon/Documents/workspace/github/GoFlyAdmin/route/middleware/LimitHandler.go:24 (0x1052033d3)
	LimitHandler.func1: c.Next()
/Users/horizon/go/pkg/mod/github.com/gin-gonic/gin@v1.8.1/context.go:173 (0x105061c2f)
	(*Context).Next: c.handlers[c.index](c)
/Users/horizon/go/pkg/mod/github.com/gin-gonic/gin@v1.8.1/recovery.go:101 (0x105072bbb)
	CustomRecoveryWithWriter.func1: c.Next()
/Users/horizon/go/pkg/mod/github.com/gin-gonic/gin@v1.8.1/context.go:173 (0x105061c2f)
	(*Context).Next: c.handlers[c.index](c)
/Users/horizon/go/pkg/mod/github.com/gin-gonic/gin@v1.8.1/logger.go:240 (0x1050716e3)
	LoggerWithConfig.func1: c.Next()
/Users/horizon/go/pkg/mod/github.com/gin-gonic/gin@v1.8.1/context.go:173 (0x105061c2f)
	(*Context).Next: c.handlers[c.index](c)
/Users/horizon/go/pkg/mod/github.com/gin-gonic/gin@v1.8.1/recovery.go:101 (0x105072bbb)
	CustomRecoveryWithWriter.func1: c.Next()
/Users/horizon/go/pkg/mod/github.com/gin-gonic/gin@v1.8.1/context.go:173 (0x105061c2f)
	(*Context).Next: c.handlers[c.index](c)
/Users/horizon/go/pkg/mod/github.com/gin-gonic/gin@v1.8.1/logger.go:240 (0x1050716e3)
	LoggerWithConfig.func1: c.Next()
/Users/horizon/go/pkg/mod/github.com/gin-gonic/gin@v1.8.1/context.go:173 (0x105061c2f)
	(*Context).Next: c.handlers[c.index](c)
/Users/horizon/go/pkg/mod/github.com/gin-gonic/gin@v1.8.1/gin.go:616 (0x10506f92b)
	(*Engine).handleHTTPRequest: c.Next()
/Users/horizon/go/pkg/mod/github.com/gin-gonic/gin@v1.8.1/gin.go:572 (0x10506f4bf)
	(*Engine).ServeHTTP: engine.handleHTTPRequest(c)
/opt/homebrew/Cellar/go/1.22.4/libexec/src/net/http/server.go:3137 (0x104d95bbf)
	serverHandler.ServeHTTP: handler.ServeHTTP(rw, req)
/opt/homebrew/Cellar/go/1.22.4/libexec/src/net/http/server.go:2039 (0x104d90077)
	(*conn).serve: serverHandler{c.server}.ServeHTTP(w, w.req)
/opt/homebrew/Cellar/go/1.22.4/libexec/src/runtime/asm_arm64.s:1222 (0x104914f03)
	goexit: MOVD	R0, R0	// NOP
[0m


[31m2024/09/07 22:56:02 [Recovery] 2024/09/07 - 22:56:02 panic recovered:
POST /business/datacenter/upfile/uploadFile HTTP/1.1
Host: localhost:8108
Accept: application/json, text/plain, */*
Accept-Encoding: gzip, deflate, br, zstd
Accept-Language: zh-CN,zh;q=0.9,en-US;q=0.8,en;q=0.7
Authorization: *
Connection: keep-alive
Content-Length: 15130
Content-Type: multipart/form-data; boundary=----WebKitFormBoundarywwLHPLAatrTgluDz
Ignorecanceltoken: true
Origin: http://localhost:9106
Referer: http://localhost:9106/
Sec-Ch-Ua: "Chromium";v="128", "Not;A=Brand";v="24", "Google Chrome";v="128"
Sec-Ch-Ua-Mobile: ?0
Sec-Ch-Ua-Platform: "macOS"
Sec-Fetch-Dest: empty
Sec-Fetch-Mode: cors
Sec-Fetch-Site: same-site
User-Agent: Mozilla/5.0 (Macintosh; Intel Mac OS X 10_15_7) AppleWebKit/537.36 (KHTML, like Gecko) Chrome/128.0.0.0 Safari/537.36
Verify-Encrypt: 1b6e0757d6fc811f1abe986a1a3cccb3
Verify-Time: 1725720962


interface conversion: interface {} is nil, not string
/opt/homebrew/Cellar/go/1.22.4/libexec/src/runtime/iface.go:262 (0x1048b03f7)
	panicdottypeE: panic(&TypeAssertionError{iface, have, want, ""})
/Users/horizon/Documents/workspace/github/GoFlyAdmin/app/business/datacenter/upfile.go:140 (0x105501897)
	(*Upfile).UploadFile: getdata["url"] = rooturl.(string) + getdata["url"].(string)
/opt/homebrew/Cellar/go/1.22.4/libexec/src/reflect/value.go:596 (0x1049674cf)
	Value.call: call(frametype, fn, stackArgs, uint32(frametype.Size()), uint32(abid.retOffset), uint32(frameSize), &regArgs)
/opt/homebrew/Cellar/go/1.22.4/libexec/src/reflect/value.go:380 (0x104966983)
	Value.Call: return v.call("Call", in)
/Users/horizon/Documents/workspace/github/GoFlyAdmin/utils/gf/AutoRouter.go:114 (0x1051e4463)
	match.func1: route.Method.Call(arguments)
/Users/horizon/go/pkg/mod/github.com/gin-gonic/gin@v1.8.1/context.go:173 (0x105061c2f)
	(*Context).Next: c.handlers[c.index](c)
/Users/horizon/Documents/workspace/github/GoFlyAdmin/route/middleware/validityAPi.go:46 (0x105203b47)
	ValidityAPi.func1: c.Next()
/Users/horizon/go/pkg/mod/github.com/gin-gonic/gin@v1.8.1/context.go:173 (0x105061c2f)
	(*Context).Next: c.handlers[c.index](c)
/Users/horizon/Documents/workspace/github/GoFlyAdmin/route/middleware/LimitHandler.go:24 (0x1052033d3)
	LimitHandler.func1: c.Next()
/Users/horizon/go/pkg/mod/github.com/gin-gonic/gin@v1.8.1/context.go:173 (0x105061c2f)
	(*Context).Next: c.handlers[c.index](c)
/Users/horizon/go/pkg/mod/github.com/gin-gonic/gin@v1.8.1/recovery.go:101 (0x105072bbb)
	CustomRecoveryWithWriter.func1: c.Next()
/Users/horizon/go/pkg/mod/github.com/gin-gonic/gin@v1.8.1/context.go:173 (0x105061c2f)
	(*Context).Next: c.handlers[c.index](c)
/Users/horizon/go/pkg/mod/github.com/gin-gonic/gin@v1.8.1/logger.go:240 (0x1050716e3)
	LoggerWithConfig.func1: c.Next()
/Users/horizon/go/pkg/mod/github.com/gin-gonic/gin@v1.8.1/context.go:173 (0x105061c2f)
	(*Context).Next: c.handlers[c.index](c)
/Users/horizon/go/pkg/mod/github.com/gin-gonic/gin@v1.8.1/recovery.go:101 (0x105072bbb)
	CustomRecoveryWithWriter.func1: c.Next()
/Users/horizon/go/pkg/mod/github.com/gin-gonic/gin@v1.8.1/context.go:173 (0x105061c2f)
	(*Context).Next: c.handlers[c.index](c)
/Users/horizon/go/pkg/mod/github.com/gin-gonic/gin@v1.8.1/logger.go:240 (0x1050716e3)
	LoggerWithConfig.func1: c.Next()
/Users/horizon/go/pkg/mod/github.com/gin-gonic/gin@v1.8.1/context.go:173 (0x105061c2f)
	(*Context).Next: c.handlers[c.index](c)
/Users/horizon/go/pkg/mod/github.com/gin-gonic/gin@v1.8.1/gin.go:616 (0x10506f92b)
	(*Engine).handleHTTPRequest: c.Next()
/Users/horizon/go/pkg/mod/github.com/gin-gonic/gin@v1.8.1/gin.go:572 (0x10506f4bf)
	(*Engine).ServeHTTP: engine.handleHTTPRequest(c)
/opt/homebrew/Cellar/go/1.22.4/libexec/src/net/http/server.go:3137 (0x104d95bbf)
	serverHandler.ServeHTTP: handler.ServeHTTP(rw, req)
/opt/homebrew/Cellar/go/1.22.4/libexec/src/net/http/server.go:2039 (0x104d90077)
	(*conn).serve: serverHandler{c.server}.ServeHTTP(w, w.req)
/opt/homebrew/Cellar/go/1.22.4/libexec/src/runtime/asm_arm64.s:1222 (0x104914f03)
	goexit: MOVD	R0, R0	// NOP
[0m
