

[31m2024/09/17 08:46:44 [Recovery] 2024/09/17 - 08:46:44 panic recovered:
GET /business/user/get_userinfo?_t=1726534004582 HTTP/1.1
Host: localhost:8108
Accept: application/json, text/plain, */*
Accept-Encoding: gzip, deflate, br, zstd
Accept-Language: zh-CN,zh;q=0.9,en-US;q=0.8,en;q=0.7
Authorization: *
Connection: keep-alive
Origin: http://localhost:9106
Referer: http://localhost:9106/
Sec-Ch-Ua: "Chromium";v="128", "Not;A=Brand";v="24", "Google Chrome";v="128"
Sec-Ch-Ua-Mobile: ?0
Sec-Ch-Ua-Platform: "macOS"
Sec-Fetch-Dest: empty
Sec-Fetch-Mode: cors
Sec-Fetch-Site: same-site
User-Agent: Mozilla/5.0 (Macintosh; Intel Mac OS X 10_15_7) AppleWebKit/537.36 (KHTML, like Gecko) Chrome/128.0.0.0 Safari/537.36
Verify-Encrypt: 83e8e0ac2ffc4dee56c310dcd6753c5f
Verify-Time: 1726534004


token is expired by 5h57m30s
/Users/horizon/Documents/workspace/github/GoFlyAdmin/route/middleware/JwtVerify.go:112 (0x104deec6b)
	ParseToken: panic(err)
/Users/horizon/Documents/workspace/github/GoFlyAdmin/route/middleware/JwtVerify.go:102 (0x104deea3f)
	JwtVerify: c.Set("user", ParseToken(token))
/Users/horizon/go/pkg/mod/github.com/gin-gonic/gin@v1.8.1/context.go:173 (0x104c4dc2f)
	(*Context).Next: c.handlers[c.index](c)
/Users/horizon/Documents/workspace/github/GoFlyAdmin/route/middleware/validityAPi.go:46 (0x104defb47)
	ValidityAPi.func1: c.Next()
/Users/horizon/go/pkg/mod/github.com/gin-gonic/gin@v1.8.1/context.go:173 (0x104c4dc2f)
	(*Context).Next: c.handlers[c.index](c)
/Users/horizon/Documents/workspace/github/GoFlyAdmin/route/middleware/LimitHandler.go:24 (0x104def3d3)
	LimitHandler.func1: c.Next()
/Users/horizon/go/pkg/mod/github.com/gin-gonic/gin@v1.8.1/context.go:173 (0x104c4dc2f)
	(*Context).Next: c.handlers[c.index](c)
/Users/horizon/go/pkg/mod/github.com/gin-gonic/gin@v1.8.1/recovery.go:101 (0x104c5ebbb)
	CustomRecoveryWithWriter.func1: c.Next()
/Users/horizon/go/pkg/mod/github.com/gin-gonic/gin@v1.8.1/context.go:173 (0x104c4dc2f)
	(*Context).Next: c.handlers[c.index](c)
/Users/horizon/go/pkg/mod/github.com/gin-gonic/gin@v1.8.1/logger.go:240 (0x104c5d6e3)
	LoggerWithConfig.func1: c.Next()
/Users/horizon/go/pkg/mod/github.com/gin-gonic/gin@v1.8.1/context.go:173 (0x104c4dc2f)
	(*Context).Next: c.handlers[c.index](c)
/Users/horizon/go/pkg/mod/github.com/gin-gonic/gin@v1.8.1/recovery.go:101 (0x104c5ebbb)
	CustomRecoveryWithWriter.func1: c.Next()
/Users/horizon/go/pkg/mod/github.com/gin-gonic/gin@v1.8.1/context.go:173 (0x104c4dc2f)
	(*Context).Next: c.handlers[c.index](c)
/Users/horizon/go/pkg/mod/github.com/gin-gonic/gin@v1.8.1/logger.go:240 (0x104c5d6e3)
	LoggerWithConfig.func1: c.Next()
/Users/horizon/go/pkg/mod/github.com/gin-gonic/gin@v1.8.1/context.go:173 (0x104c4dc2f)
	(*Context).Next: c.handlers[c.index](c)
/Users/horizon/go/pkg/mod/github.com/gin-gonic/gin@v1.8.1/gin.go:616 (0x104c5b92b)
	(*Engine).handleHTTPRequest: c.Next()
/Users/horizon/go/pkg/mod/github.com/gin-gonic/gin@v1.8.1/gin.go:572 (0x104c5b4bf)
	(*Engine).ServeHTTP: engine.handleHTTPRequest(c)
/opt/homebrew/Cellar/go/1.22.4/libexec/src/net/http/server.go:3137 (0x104981bbf)
	serverHandler.ServeHTTP: handler.ServeHTTP(rw, req)
/opt/homebrew/Cellar/go/1.22.4/libexec/src/net/http/server.go:2039 (0x10497c077)
	(*conn).serve: serverHandler{c.server}.ServeHTTP(w, w.req)
/opt/homebrew/Cellar/go/1.22.4/libexec/src/runtime/asm_arm64.s:1222 (0x104500f03)
	goexit: MOVD	R0, R0	// NOP
[0m


[31m2024/09/17 18:00:45 [Recovery] 2024/09/17 - 18:00:45 panic recovered:
GET /business/user/get_userinfo?_t=1726567245901 HTTP/1.1
Host: localhost:8108
Accept: application/json, text/plain, */*
Accept-Encoding: gzip, deflate, br, zstd
Accept-Language: zh-CN,zh;q=0.9,en-US;q=0.8,en;q=0.7
Authorization: *
Connection: keep-alive
Origin: http://localhost:9106
Referer: http://localhost:9106/
Sec-Ch-Ua: "Chromium";v="128", "Not;A=Brand";v="24", "Google Chrome";v="128"
Sec-Ch-Ua-Mobile: ?0
Sec-Ch-Ua-Platform: "macOS"
Sec-Fetch-Dest: empty
Sec-Fetch-Mode: cors
Sec-Fetch-Site: same-site
User-Agent: Mozilla/5.0 (Macintosh; Intel Mac OS X 10_15_7) AppleWebKit/537.36 (KHTML, like Gecko) Chrome/128.0.0.0 Safari/537.36
Verify-Encrypt: 30bedcd210e257a69a21024b70b2d966
Verify-Time: 1726567245


token is expired by 6h20m45s
/Users/horizon/Documents/workspace/github/GoFlyAdmin/route/middleware/JwtVerify.go:112 (0x1034e2c6b)
	ParseToken: panic(err)
/Users/horizon/Documents/workspace/github/GoFlyAdmin/route/middleware/JwtVerify.go:102 (0x1034e2a3f)
	JwtVerify: c.Set("user", ParseToken(token))
/Users/horizon/Documents/workspace/github/GoFlyAdmin/vendor/github.com/gin-gonic/gin/context.go:173 (0x103341c2f)
	(*Context).Next: c.handlers[c.index](c)
/Users/horizon/Documents/workspace/github/GoFlyAdmin/route/middleware/validityAPi.go:46 (0x1034e3b47)
	ValidityAPi.func1: c.Next()
/Users/horizon/Documents/workspace/github/GoFlyAdmin/vendor/github.com/gin-gonic/gin/context.go:173 (0x103341c2f)
	(*Context).Next: c.handlers[c.index](c)
/Users/horizon/Documents/workspace/github/GoFlyAdmin/route/middleware/LimitHandler.go:24 (0x1034e33d3)
	LimitHandler.func1: c.Next()
/Users/horizon/Documents/workspace/github/GoFlyAdmin/vendor/github.com/gin-gonic/gin/context.go:173 (0x103341c2f)
	(*Context).Next: c.handlers[c.index](c)
/Users/horizon/Documents/workspace/github/GoFlyAdmin/vendor/github.com/gin-gonic/gin/recovery.go:101 (0x103352bbb)
	CustomRecoveryWithWriter.func1: c.Next()
/Users/horizon/Documents/workspace/github/GoFlyAdmin/vendor/github.com/gin-gonic/gin/context.go:173 (0x103341c2f)
	(*Context).Next: c.handlers[c.index](c)
/Users/horizon/Documents/workspace/github/GoFlyAdmin/vendor/github.com/gin-gonic/gin/logger.go:240 (0x1033516e3)
	LoggerWithConfig.func1: c.Next()
/Users/horizon/Documents/workspace/github/GoFlyAdmin/vendor/github.com/gin-gonic/gin/context.go:173 (0x103341c2f)
	(*Context).Next: c.handlers[c.index](c)
/Users/horizon/Documents/workspace/github/GoFlyAdmin/vendor/github.com/gin-gonic/gin/recovery.go:101 (0x103352bbb)
	CustomRecoveryWithWriter.func1: c.Next()
/Users/horizon/Documents/workspace/github/GoFlyAdmin/vendor/github.com/gin-gonic/gin/context.go:173 (0x103341c2f)
	(*Context).Next: c.handlers[c.index](c)
/Users/horizon/Documents/workspace/github/GoFlyAdmin/vendor/github.com/gin-gonic/gin/logger.go:240 (0x1033516e3)
	LoggerWithConfig.func1: c.Next()
/Users/horizon/Documents/workspace/github/GoFlyAdmin/vendor/github.com/gin-gonic/gin/context.go:173 (0x103341c2f)
	(*Context).Next: c.handlers[c.index](c)
/Users/horizon/Documents/workspace/github/GoFlyAdmin/vendor/github.com/gin-gonic/gin/gin.go:616 (0x10334f92b)
	(*Engine).handleHTTPRequest: c.Next()
/Users/horizon/Documents/workspace/github/GoFlyAdmin/vendor/github.com/gin-gonic/gin/gin.go:572 (0x10334f4bf)
	(*Engine).ServeHTTP: engine.handleHTTPRequest(c)
/opt/homebrew/Cellar/go/1.22.4/libexec/src/net/http/server.go:3137 (0x103075bbf)
	serverHandler.ServeHTTP: handler.ServeHTTP(rw, req)
/opt/homebrew/Cellar/go/1.22.4/libexec/src/net/http/server.go:2039 (0x103070077)
	(*conn).serve: serverHandler{c.server}.ServeHTTP(w, w.req)
/opt/homebrew/Cellar/go/1.22.4/libexec/src/runtime/asm_arm64.s:1222 (0x102bf4f03)
	goexit: MOVD	R0, R0	// NOP
[0m


[31m2024/09/17 23:43:26 [Recovery] 2024/09/17 - 23:43:26 panic recovered:
GET /business/project/project/get_search?page=1&pageSize=10&projectNo=&accountNikeName=&cooperateTime=&_t=1726587806901 HTTP/1.1
Host: localhost:8108
Accept: application/json, text/plain, */*
Accept-Encoding: gzip, deflate, br, zstd
Accept-Language: zh-CN,zh;q=0.9,en-US;q=0.8,en;q=0.7
Authorization: *
Connection: keep-alive
Origin: http://localhost:9106
Referer: http://localhost:9106/
Sec-Ch-Ua: "Chromium";v="128", "Not;A=Brand";v="24", "Google Chrome";v="128"
Sec-Ch-Ua-Mobile: ?0
Sec-Ch-Ua-Platform: "macOS"
Sec-Fetch-Dest: empty
Sec-Fetch-Mode: cors
Sec-Fetch-Site: same-site
User-Agent: Mozilla/5.0 (Macintosh; Intel Mac OS X 10_15_7) AppleWebKit/537.36 (KHTML, like Gecko) Chrome/128.0.0.0 Safari/537.36
Verify-Encrypt: 7dbd0457b1bef1df3d17789d04f523d8
Verify-Time: 1726587806


token is expired by 43m20s
/Users/horizon/Documents/workspace/github/GoFlyAdmin/route/middleware/JwtVerify.go:112 (0x10526ac6b)
	ParseToken: panic(err)
/Users/horizon/Documents/workspace/github/GoFlyAdmin/route/middleware/JwtVerify.go:102 (0x10526aa3f)
	JwtVerify: c.Set("user", ParseToken(token))
/Users/horizon/Documents/workspace/github/GoFlyAdmin/vendor/github.com/gin-gonic/gin/context.go:173 (0x1050c9c2f)
	(*Context).Next: c.handlers[c.index](c)
/Users/horizon/Documents/workspace/github/GoFlyAdmin/route/middleware/validityAPi.go:46 (0x10526bb47)
	ValidityAPi.func1: c.Next()
/Users/horizon/Documents/workspace/github/GoFlyAdmin/vendor/github.com/gin-gonic/gin/context.go:173 (0x1050c9c2f)
	(*Context).Next: c.handlers[c.index](c)
/Users/horizon/Documents/workspace/github/GoFlyAdmin/route/middleware/LimitHandler.go:24 (0x10526b3d3)
	LimitHandler.func1: c.Next()
/Users/horizon/Documents/workspace/github/GoFlyAdmin/vendor/github.com/gin-gonic/gin/context.go:173 (0x1050c9c2f)
	(*Context).Next: c.handlers[c.index](c)
/Users/horizon/Documents/workspace/github/GoFlyAdmin/vendor/github.com/gin-gonic/gin/recovery.go:101 (0x1050dabbb)
	CustomRecoveryWithWriter.func1: c.Next()
/Users/horizon/Documents/workspace/github/GoFlyAdmin/vendor/github.com/gin-gonic/gin/context.go:173 (0x1050c9c2f)
	(*Context).Next: c.handlers[c.index](c)
/Users/horizon/Documents/workspace/github/GoFlyAdmin/vendor/github.com/gin-gonic/gin/logger.go:240 (0x1050d96e3)
	LoggerWithConfig.func1: c.Next()
/Users/horizon/Documents/workspace/github/GoFlyAdmin/vendor/github.com/gin-gonic/gin/context.go:173 (0x1050c9c2f)
	(*Context).Next: c.handlers[c.index](c)
/Users/horizon/Documents/workspace/github/GoFlyAdmin/vendor/github.com/gin-gonic/gin/recovery.go:101 (0x1050dabbb)
	CustomRecoveryWithWriter.func1: c.Next()
/Users/horizon/Documents/workspace/github/GoFlyAdmin/vendor/github.com/gin-gonic/gin/context.go:173 (0x1050c9c2f)
	(*Context).Next: c.handlers[c.index](c)
/Users/horizon/Documents/workspace/github/GoFlyAdmin/vendor/github.com/gin-gonic/gin/logger.go:240 (0x1050d96e3)
	LoggerWithConfig.func1: c.Next()
/Users/horizon/Documents/workspace/github/GoFlyAdmin/vendor/github.com/gin-gonic/gin/context.go:173 (0x1050c9c2f)
	(*Context).Next: c.handlers[c.index](c)
/Users/horizon/Documents/workspace/github/GoFlyAdmin/vendor/github.com/gin-gonic/gin/gin.go:616 (0x1050d792b)
	(*Engine).handleHTTPRequest: c.Next()
/Users/horizon/Documents/workspace/github/GoFlyAdmin/vendor/github.com/gin-gonic/gin/gin.go:572 (0x1050d74bf)
	(*Engine).ServeHTTP: engine.handleHTTPRequest(c)
/opt/homebrew/Cellar/go/1.22.4/libexec/src/net/http/server.go:3137 (0x104dfdbbf)
	serverHandler.ServeHTTP: handler.ServeHTTP(rw, req)
/opt/homebrew/Cellar/go/1.22.4/libexec/src/net/http/server.go:2039 (0x104df8077)
	(*conn).serve: serverHandler{c.server}.ServeHTTP(w, w.req)
/opt/homebrew/Cellar/go/1.22.4/libexec/src/runtime/asm_arm64.s:1222 (0x10497cf03)
	goexit: MOVD	R0, R0	// NOP
[0m
