

[31m2024/09/22 19:30:19 [Recovery] 2024/09/22 - 19:30:19 panic recovered:
GET /business/project/approve/get_list?page=1&pageSize=10&id=&name=&status=*&_t=1727004619755 HTTP/1.1
Host: localhost:8108
Accept: application/json, text/plain, */*
Accept-Encoding: gzip, deflate, br, zstd
Accept-Language: zh-CN,zh;q=0.9,en-US;q=0.8,en;q=0.7
Authorization: *
Connection: keep-alive
Origin: http://localhost:9106
Referer: http://localhost:9106/
Sec-Ch-Ua: "Chromium";v="128", "Not;A=Brand";v="24", "Google Chrome";v="128"
Sec-Ch-Ua-Mobile: ?0
Sec-Ch-Ua-Platform: "macOS"
Sec-Fetch-Dest: empty
Sec-Fetch-Mode: cors
Sec-Fetch-Site: same-site
User-Agent: Mozilla/5.0 (Macintosh; Intel Mac OS X 10_15_7) AppleWebKit/537.36 (KHTML, like Gecko) Chrome/128.0.0.0 Safari/537.36
Verify-Encrypt: f0c5f22fe291e83b28cb0839c111709b
Verify-Time: 1727004619


token is expired by 1h19m33s
/Users/horizon/Documents/workspace/github/GoFlyAdmin/route/middleware/JwtVerify.go:112 (0x10559b07b)
	ParseToken: panic(err)
/Users/horizon/Documents/workspace/github/GoFlyAdmin/route/middleware/JwtVerify.go:102 (0x10559ae4f)
	JwtVerify: c.Set("user", ParseToken(token))
/Users/horizon/Documents/workspace/github/GoFlyAdmin/vendor/github.com/gin-gonic/gin/context.go:173 (0x1053f5c2f)
	(*Context).Next: c.handlers[c.index](c)
/Users/horizon/Documents/workspace/github/GoFlyAdmin/route/middleware/validityAPi.go:46 (0x10559bf57)
	ValidityAPi.func1: c.Next()
/Users/horizon/Documents/workspace/github/GoFlyAdmin/vendor/github.com/gin-gonic/gin/context.go:173 (0x1053f5c2f)
	(*Context).Next: c.handlers[c.index](c)
/Users/horizon/Documents/workspace/github/GoFlyAdmin/route/middleware/LimitHandler.go:24 (0x10559b7e3)
	LimitHandler.func1: c.Next()
/Users/horizon/Documents/workspace/github/GoFlyAdmin/vendor/github.com/gin-gonic/gin/context.go:173 (0x1053f5c2f)
	(*Context).Next: c.handlers[c.index](c)
/Users/horizon/Documents/workspace/github/GoFlyAdmin/vendor/github.com/gin-gonic/gin/recovery.go:101 (0x105406bbb)
	CustomRecoveryWithWriter.func1: c.Next()
/Users/horizon/Documents/workspace/github/GoFlyAdmin/vendor/github.com/gin-gonic/gin/context.go:173 (0x1053f5c2f)
	(*Context).Next: c.handlers[c.index](c)
/Users/horizon/Documents/workspace/github/GoFlyAdmin/vendor/github.com/gin-gonic/gin/logger.go:240 (0x1054056e3)
	LoggerWithConfig.func1: c.Next()
/Users/horizon/Documents/workspace/github/GoFlyAdmin/vendor/github.com/gin-gonic/gin/context.go:173 (0x1053f5c2f)
	(*Context).Next: c.handlers[c.index](c)
/Users/horizon/Documents/workspace/github/GoFlyAdmin/vendor/github.com/gin-gonic/gin/recovery.go:101 (0x105406bbb)
	CustomRecoveryWithWriter.func1: c.Next()
/Users/horizon/Documents/workspace/github/GoFlyAdmin/vendor/github.com/gin-gonic/gin/context.go:173 (0x1053f5c2f)
	(*Context).Next: c.handlers[c.index](c)
/Users/horizon/Documents/workspace/github/GoFlyAdmin/vendor/github.com/gin-gonic/gin/logger.go:240 (0x1054056e3)
	LoggerWithConfig.func1: c.Next()
/Users/horizon/Documents/workspace/github/GoFlyAdmin/vendor/github.com/gin-gonic/gin/context.go:173 (0x1053f5c2f)
	(*Context).Next: c.handlers[c.index](c)
/Users/horizon/Documents/workspace/github/GoFlyAdmin/vendor/github.com/gin-gonic/gin/gin.go:616 (0x10540392b)
	(*Engine).handleHTTPRequest: c.Next()
/Users/horizon/Documents/workspace/github/GoFlyAdmin/vendor/github.com/gin-gonic/gin/gin.go:572 (0x1054034bf)
	(*Engine).ServeHTTP: engine.handleHTTPRequest(c)
/opt/homebrew/Cellar/go/1.22.4/libexec/src/net/http/server.go:3137 (0x105129bbf)
	serverHandler.ServeHTTP: handler.ServeHTTP(rw, req)
/opt/homebrew/Cellar/go/1.22.4/libexec/src/net/http/server.go:2039 (0x105124077)
	(*conn).serve: serverHandler{c.server}.ServeHTTP(w, w.req)
/opt/homebrew/Cellar/go/1.22.4/libexec/src/runtime/asm_arm64.s:1222 (0x104ca8f03)
	goexit: MOVD	R0, R0	// NOP
[0m


[31m2024/09/22 20:01:47 [Recovery] 2024/09/22 - 20:01:47 panic recovered:
POST /business/user/login HTTP/1.1
Host: localhost:8108
Accept: application/json, text/plain, */*
Accept-Encoding: gzip, deflate, br, zstd
Accept-Language: zh-CN,zh;q=0.9,en-US;q=0.8,en;q=0.7
Connection: keep-alive
Content-Length: 66
Content-Type: application/json;charset=UTF-8
Origin: http://localhost:9106
Referer: http://localhost:9106/
Sec-Ch-Ua: "Chromium";v="128", "Not;A=Brand";v="24", "Google Chrome";v="128"
Sec-Ch-Ua-Mobile: ?0
Sec-Ch-Ua-Platform: "macOS"
Sec-Fetch-Dest: empty
Sec-Fetch-Mode: cors
Sec-Fetch-Site: same-site
User-Agent: Mozilla/5.0 (Macintosh; Intel Mac OS X 10_15_7) AppleWebKit/537.36 (KHTML, like Gecko) Chrome/128.0.0.0 Safari/537.36
Verify-Encrypt: 9cda964ff09de468aeacb9117ff5595b
Verify-Time: 1727006507


interface conversion: interface {} is []interface {}, not string
/opt/homebrew/Cellar/go/1.22.4/libexec/src/runtime/iface.go:262 (0x1001b83f7)
	panicdottypeE: panic(&TypeAssertionError{iface, have, want, ""})
/Users/horizon/Documents/workspace/github/GoFlyAdmin/app/business/user/index.go:64 (0x100f3024b)
	(*Index).Login: Rolename:       rolename.(string),
/opt/homebrew/Cellar/go/1.22.4/libexec/src/reflect/value.go:596 (0x10026f4cf)
	Value.call: call(frametype, fn, stackArgs, uint32(frametype.Size()), uint32(abid.retOffset), uint32(frameSize), &regArgs)
/opt/homebrew/Cellar/go/1.22.4/libexec/src/reflect/value.go:380 (0x10026e983)
	Value.Call: return v.call("Call", in)
/Users/horizon/Documents/workspace/github/GoFlyAdmin/utils/gf/AutoRouter.go:114 (0x100af0743)
	match.func1: route.Method.Call(arguments)
/Users/horizon/Documents/workspace/github/GoFlyAdmin/vendor/github.com/gin-gonic/gin/context.go:173 (0x100969c2f)
	(*Context).Next: c.handlers[c.index](c)
/Users/horizon/Documents/workspace/github/GoFlyAdmin/route/middleware/validityAPi.go:46 (0x100b0ff57)
	ValidityAPi.func1: c.Next()
/Users/horizon/Documents/workspace/github/GoFlyAdmin/vendor/github.com/gin-gonic/gin/context.go:173 (0x100969c2f)
	(*Context).Next: c.handlers[c.index](c)
/Users/horizon/Documents/workspace/github/GoFlyAdmin/route/middleware/LimitHandler.go:24 (0x100b0f7e3)
	LimitHandler.func1: c.Next()
/Users/horizon/Documents/workspace/github/GoFlyAdmin/vendor/github.com/gin-gonic/gin/context.go:173 (0x100969c2f)
	(*Context).Next: c.handlers[c.index](c)
/Users/horizon/Documents/workspace/github/GoFlyAdmin/vendor/github.com/gin-gonic/gin/recovery.go:101 (0x10097abbb)
	CustomRecoveryWithWriter.func1: c.Next()
/Users/horizon/Documents/workspace/github/GoFlyAdmin/vendor/github.com/gin-gonic/gin/context.go:173 (0x100969c2f)
	(*Context).Next: c.handlers[c.index](c)
/Users/horizon/Documents/workspace/github/GoFlyAdmin/vendor/github.com/gin-gonic/gin/logger.go:240 (0x1009796e3)
	LoggerWithConfig.func1: c.Next()
/Users/horizon/Documents/workspace/github/GoFlyAdmin/vendor/github.com/gin-gonic/gin/context.go:173 (0x100969c2f)
	(*Context).Next: c.handlers[c.index](c)
/Users/horizon/Documents/workspace/github/GoFlyAdmin/vendor/github.com/gin-gonic/gin/recovery.go:101 (0x10097abbb)
	CustomRecoveryWithWriter.func1: c.Next()
/Users/horizon/Documents/workspace/github/GoFlyAdmin/vendor/github.com/gin-gonic/gin/context.go:173 (0x100969c2f)
	(*Context).Next: c.handlers[c.index](c)
/Users/horizon/Documents/workspace/github/GoFlyAdmin/vendor/github.com/gin-gonic/gin/logger.go:240 (0x1009796e3)
	LoggerWithConfig.func1: c.Next()
/Users/horizon/Documents/workspace/github/GoFlyAdmin/vendor/github.com/gin-gonic/gin/context.go:173 (0x100969c2f)
	(*Context).Next: c.handlers[c.index](c)
/Users/horizon/Documents/workspace/github/GoFlyAdmin/vendor/github.com/gin-gonic/gin/gin.go:616 (0x10097792b)
	(*Engine).handleHTTPRequest: c.Next()
/Users/horizon/Documents/workspace/github/GoFlyAdmin/vendor/github.com/gin-gonic/gin/gin.go:572 (0x1009774bf)
	(*Engine).ServeHTTP: engine.handleHTTPRequest(c)
/opt/homebrew/Cellar/go/1.22.4/libexec/src/net/http/server.go:3137 (0x10069dbbf)
	serverHandler.ServeHTTP: handler.ServeHTTP(rw, req)
/opt/homebrew/Cellar/go/1.22.4/libexec/src/net/http/server.go:2039 (0x100698077)
	(*conn).serve: serverHandler{c.server}.ServeHTTP(w, w.req)
/opt/homebrew/Cellar/go/1.22.4/libexec/src/runtime/asm_arm64.s:1222 (0x10021cf03)
	goexit: MOVD	R0, R0	// NOP
[0m


[31m2024/09/22 20:01:55 [Recovery] 2024/09/22 - 20:01:55 panic recovered:
POST /business/user/login HTTP/1.1
Host: localhost:8108
Accept: application/json, text/plain, */*
Accept-Encoding: gzip, deflate, br, zstd
Accept-Language: zh-CN,zh;q=0.9,en-US;q=0.8,en;q=0.7
Connection: keep-alive
Content-Length: 66
Content-Type: application/json;charset=UTF-8
Origin: http://localhost:9106
Referer: http://localhost:9106/
Sec-Ch-Ua: "Chromium";v="128", "Not;A=Brand";v="24", "Google Chrome";v="128"
Sec-Ch-Ua-Mobile: ?0
Sec-Ch-Ua-Platform: "macOS"
Sec-Fetch-Dest: empty
Sec-Fetch-Mode: cors
Sec-Fetch-Site: same-site
User-Agent: Mozilla/5.0 (Macintosh; Intel Mac OS X 10_15_7) AppleWebKit/537.36 (KHTML, like Gecko) Chrome/128.0.0.0 Safari/537.36
Verify-Encrypt: 92badf76eef09209ea110e462eefbbac
Verify-Time: 1727006515


interface conversion: interface {} is []interface {}, not string
/opt/homebrew/Cellar/go/1.22.4/libexec/src/runtime/iface.go:262 (0x1001b83f7)
	panicdottypeE: panic(&TypeAssertionError{iface, have, want, ""})
/Users/horizon/Documents/workspace/github/GoFlyAdmin/app/business/user/index.go:64 (0x100f3024b)
	(*Index).Login: Rolename:       rolename.(string),
/opt/homebrew/Cellar/go/1.22.4/libexec/src/reflect/value.go:596 (0x10026f4cf)
	Value.call: call(frametype, fn, stackArgs, uint32(frametype.Size()), uint32(abid.retOffset), uint32(frameSize), &regArgs)
/opt/homebrew/Cellar/go/1.22.4/libexec/src/reflect/value.go:380 (0x10026e983)
	Value.Call: return v.call("Call", in)
/Users/horizon/Documents/workspace/github/GoFlyAdmin/utils/gf/AutoRouter.go:114 (0x100af0743)
	match.func1: route.Method.Call(arguments)
/Users/horizon/Documents/workspace/github/GoFlyAdmin/vendor/github.com/gin-gonic/gin/context.go:173 (0x100969c2f)
	(*Context).Next: c.handlers[c.index](c)
/Users/horizon/Documents/workspace/github/GoFlyAdmin/route/middleware/validityAPi.go:46 (0x100b0ff57)
	ValidityAPi.func1: c.Next()
/Users/horizon/Documents/workspace/github/GoFlyAdmin/vendor/github.com/gin-gonic/gin/context.go:173 (0x100969c2f)
	(*Context).Next: c.handlers[c.index](c)
/Users/horizon/Documents/workspace/github/GoFlyAdmin/route/middleware/LimitHandler.go:24 (0x100b0f7e3)
	LimitHandler.func1: c.Next()
/Users/horizon/Documents/workspace/github/GoFlyAdmin/vendor/github.com/gin-gonic/gin/context.go:173 (0x100969c2f)
	(*Context).Next: c.handlers[c.index](c)
/Users/horizon/Documents/workspace/github/GoFlyAdmin/vendor/github.com/gin-gonic/gin/recovery.go:101 (0x10097abbb)
	CustomRecoveryWithWriter.func1: c.Next()
/Users/horizon/Documents/workspace/github/GoFlyAdmin/vendor/github.com/gin-gonic/gin/context.go:173 (0x100969c2f)
	(*Context).Next: c.handlers[c.index](c)
/Users/horizon/Documents/workspace/github/GoFlyAdmin/vendor/github.com/gin-gonic/gin/logger.go:240 (0x1009796e3)
	LoggerWithConfig.func1: c.Next()
/Users/horizon/Documents/workspace/github/GoFlyAdmin/vendor/github.com/gin-gonic/gin/context.go:173 (0x100969c2f)
	(*Context).Next: c.handlers[c.index](c)
/Users/horizon/Documents/workspace/github/GoFlyAdmin/vendor/github.com/gin-gonic/gin/recovery.go:101 (0x10097abbb)
	CustomRecoveryWithWriter.func1: c.Next()
/Users/horizon/Documents/workspace/github/GoFlyAdmin/vendor/github.com/gin-gonic/gin/context.go:173 (0x100969c2f)
	(*Context).Next: c.handlers[c.index](c)
/Users/horizon/Documents/workspace/github/GoFlyAdmin/vendor/github.com/gin-gonic/gin/logger.go:240 (0x1009796e3)
	LoggerWithConfig.func1: c.Next()
/Users/horizon/Documents/workspace/github/GoFlyAdmin/vendor/github.com/gin-gonic/gin/context.go:173 (0x100969c2f)
	(*Context).Next: c.handlers[c.index](c)
/Users/horizon/Documents/workspace/github/GoFlyAdmin/vendor/github.com/gin-gonic/gin/gin.go:616 (0x10097792b)
	(*Engine).handleHTTPRequest: c.Next()
/Users/horizon/Documents/workspace/github/GoFlyAdmin/vendor/github.com/gin-gonic/gin/gin.go:572 (0x1009774bf)
	(*Engine).ServeHTTP: engine.handleHTTPRequest(c)
/opt/homebrew/Cellar/go/1.22.4/libexec/src/net/http/server.go:3137 (0x10069dbbf)
	serverHandler.ServeHTTP: handler.ServeHTTP(rw, req)
/opt/homebrew/Cellar/go/1.22.4/libexec/src/net/http/server.go:2039 (0x100698077)
	(*conn).serve: serverHandler{c.server}.ServeHTTP(w, w.req)
/opt/homebrew/Cellar/go/1.22.4/libexec/src/runtime/asm_arm64.s:1222 (0x10021cf03)
	goexit: MOVD	R0, R0	// NOP
[0m


[31m2024/09/22 20:02:53 [Recovery] 2024/09/22 - 20:02:53 panic recovered:
POST /business/user/login HTTP/1.1
Host: localhost:8108
Accept: application/json, text/plain, */*
Accept-Encoding: gzip, deflate, br, zstd
Accept-Language: zh-CN,zh;q=0.9,en-US;q=0.8,en;q=0.7
Connection: keep-alive
Content-Length: 66
Content-Type: application/json;charset=UTF-8
Origin: http://localhost:9106
Referer: http://localhost:9106/
Sec-Ch-Ua: "Chromium";v="128", "Not;A=Brand";v="24", "Google Chrome";v="128"
Sec-Ch-Ua-Mobile: ?0
Sec-Ch-Ua-Platform: "macOS"
Sec-Fetch-Dest: empty
Sec-Fetch-Mode: cors
Sec-Fetch-Site: same-site
User-Agent: Mozilla/5.0 (Macintosh; Intel Mac OS X 10_15_7) AppleWebKit/537.36 (KHTML, like Gecko) Chrome/128.0.0.0 Safari/537.36
Verify-Encrypt: 2f65c4bfd5f4219eb42ac1c203e66487
Verify-Time: 1727006554


interface conversion: interface {} is []interface {}, not string
/opt/homebrew/Cellar/go/1.22.4/libexec/src/runtime/iface.go:262 (0x1001b83f7)
	panicdottypeE: panic(&TypeAssertionError{iface, have, want, ""})
/Users/horizon/Documents/workspace/github/GoFlyAdmin/app/business/user/index.go:64 (0x100f3024b)
	(*Index).Login: Rolename:       rolename.(string),
/opt/homebrew/Cellar/go/1.22.4/libexec/src/reflect/value.go:596 (0x10026f4cf)
	Value.call: call(frametype, fn, stackArgs, uint32(frametype.Size()), uint32(abid.retOffset), uint32(frameSize), &regArgs)
/opt/homebrew/Cellar/go/1.22.4/libexec/src/reflect/value.go:380 (0x10026e983)
	Value.Call: return v.call("Call", in)
/Users/horizon/Documents/workspace/github/GoFlyAdmin/utils/gf/AutoRouter.go:114 (0x100af0743)
	match.func1: route.Method.Call(arguments)
/Users/horizon/Documents/workspace/github/GoFlyAdmin/vendor/github.com/gin-gonic/gin/context.go:173 (0x100969c2f)
	(*Context).Next: c.handlers[c.index](c)
/Users/horizon/Documents/workspace/github/GoFlyAdmin/route/middleware/validityAPi.go:46 (0x100b0ff57)
	ValidityAPi.func1: c.Next()
/Users/horizon/Documents/workspace/github/GoFlyAdmin/vendor/github.com/gin-gonic/gin/context.go:173 (0x100969c2f)
	(*Context).Next: c.handlers[c.index](c)
/Users/horizon/Documents/workspace/github/GoFlyAdmin/route/middleware/LimitHandler.go:24 (0x100b0f7e3)
	LimitHandler.func1: c.Next()
/Users/horizon/Documents/workspace/github/GoFlyAdmin/vendor/github.com/gin-gonic/gin/context.go:173 (0x100969c2f)
	(*Context).Next: c.handlers[c.index](c)
/Users/horizon/Documents/workspace/github/GoFlyAdmin/vendor/github.com/gin-gonic/gin/recovery.go:101 (0x10097abbb)
	CustomRecoveryWithWriter.func1: c.Next()
/Users/horizon/Documents/workspace/github/GoFlyAdmin/vendor/github.com/gin-gonic/gin/context.go:173 (0x100969c2f)
	(*Context).Next: c.handlers[c.index](c)
/Users/horizon/Documents/workspace/github/GoFlyAdmin/vendor/github.com/gin-gonic/gin/logger.go:240 (0x1009796e3)
	LoggerWithConfig.func1: c.Next()
/Users/horizon/Documents/workspace/github/GoFlyAdmin/vendor/github.com/gin-gonic/gin/context.go:173 (0x100969c2f)
	(*Context).Next: c.handlers[c.index](c)
/Users/horizon/Documents/workspace/github/GoFlyAdmin/vendor/github.com/gin-gonic/gin/recovery.go:101 (0x10097abbb)
	CustomRecoveryWithWriter.func1: c.Next()
/Users/horizon/Documents/workspace/github/GoFlyAdmin/vendor/github.com/gin-gonic/gin/context.go:173 (0x100969c2f)
	(*Context).Next: c.handlers[c.index](c)
/Users/horizon/Documents/workspace/github/GoFlyAdmin/vendor/github.com/gin-gonic/gin/logger.go:240 (0x1009796e3)
	LoggerWithConfig.func1: c.Next()
/Users/horizon/Documents/workspace/github/GoFlyAdmin/vendor/github.com/gin-gonic/gin/context.go:173 (0x100969c2f)
	(*Context).Next: c.handlers[c.index](c)
/Users/horizon/Documents/workspace/github/GoFlyAdmin/vendor/github.com/gin-gonic/gin/gin.go:616 (0x10097792b)
	(*Engine).handleHTTPRequest: c.Next()
/Users/horizon/Documents/workspace/github/GoFlyAdmin/vendor/github.com/gin-gonic/gin/gin.go:572 (0x1009774bf)
	(*Engine).ServeHTTP: engine.handleHTTPRequest(c)
/opt/homebrew/Cellar/go/1.22.4/libexec/src/net/http/server.go:3137 (0x10069dbbf)
	serverHandler.ServeHTTP: handler.ServeHTTP(rw, req)
/opt/homebrew/Cellar/go/1.22.4/libexec/src/net/http/server.go:2039 (0x100698077)
	(*conn).serve: serverHandler{c.server}.ServeHTTP(w, w.req)
/opt/homebrew/Cellar/go/1.22.4/libexec/src/runtime/asm_arm64.s:1222 (0x10021cf03)
	goexit: MOVD	R0, R0	// NOP
[0m
